<?xml version="1.0" encoding="UTF-8"?>
<!-- Generated by org.testng.reporters.JUnitXMLReporter -->
<testsuite ignored="0" hostname="DESKTOP-VRBAL0D" failures="1" tests="1" name="Test" time="0.097" errors="0" timestamp="2023-03-20T21:17:24 IST">
  <testcase classname="TestNgBasics.XMLParameters" name="login" time="0.0">
    <failure type="org.testng.TestNGException" message="
Method login requires 1 parameters but 2 were supplied in the @Test annotation.">
      <![CDATA[org.testng.TestNGException: 
Method login requires 1 parameters but 2 were supplied in the @Test annotation.
at java.base/java.util.ArrayList.forEach(ArrayList.java:1541)
... Removed 26 stack frames]]>
    </failure>
  </testcase> <!-- login -->
</testsuite> <!-- Test -->
